# JRE version: OpenJDK Runtime Environment Temurin-17.0.13+11 (17.0.13+11) (build 17.0.13+11)
# Java VM: OpenJDK 64-Bit Server VM Temurin-17.0.13+11 (17.0.13+11, mixed mode, tiered, compressed oops, compressed class ptrs, g1 gc, windows-amd64)
GC Precious Log:
 CPUs: 4 total, 4 available
 Memory: 8083M
 Large Page Support: Disabled
 NUMA Support: Disabled
 Compressed Oops: Enabled (32-bit)
 Heap Region Size: 1M
 Heap Min Capacity: 8M
 Heap Initial Capacity: 128M
 Heap Max Capacity: 2G
 Pre-touch: Disabled
 Parallel Workers: 4
 Concurrent Workers: 1
 Concurrent Refinement Workers: 4
 Periodic GC: Disabled
Heap:
 garbage-first heap   total 131072K, used 53312K [0x0000000080000000, 0x0000000100000000)
  region size 1024K, 2 young (2048K), 2 survivors (2048K)
 Metaspace       used 56241K, committed 57088K, reserved 1114112K
  class space    used 6299K, committed 6656K, reserved 1048576K
GC Heap History (20 events):
Event: 51.927 GC heap after
{Heap after GC invocations=20 (full 0):
 garbage-first heap   total 103424K, used 49986K [0x0000000080000000, 0x0000000100000000)
  region size 1024K, 2 young (2048K), 2 survivors (2048K)
 Metaspace       used 54881K, committed 55552K, reserved 1114112K
  class space    used 6157K, committed 6464K, reserved 1048576K
}
Event: 111.089 GC heap before
{Heap before GC invocations=21 (full 0):
 garbage-first heap   total 103424K, used 88898K [0x0000000080000000, 0x0000000100000000)
  region size 1024K, 29 young (29696K), 2 survivors (2048K)
 Metaspace       used 55946K, committed 56832K, reserved 1114112K
  class space    used 6286K, committed 6656K, reserved 1048576K
}
Event: 111.096 GC heap after
{Heap after GC invocations=22 (full 0):
 garbage-first heap   total 103424K, used 46785K [0x0000000080000000, 0x0000000100000000)
  region size 1024K, 3 young (3072K), 3 survivors (3072K)
 Metaspace       used 55946K, committed 56832K, reserved 1114112K
  class space    used 6286K, committed 6656K, reserved 1048576K
}
Event: 126.446 GC heap before
{Heap before GC invocations=22 (full 0):
 garbage-first heap   total 103424K, used 59073K [0x0000000080000000, 0x0000000100000000)
  region size 1024K, 15 young (15360K), 3 survivors (3072K)
 Metaspace       used 56083K, committed 56896K, reserved 1114112K
  class space    used 6292K, committed 6656K, reserved 1048576K
}
Event: 126.450 GC heap after
{Heap after GC invocations=23 (full 0):
 garbage-first heap   total 103424K, used 49086K [0x0000000080000000, 0x0000000100000000)
  region size 1024K, 3 young (3072K), 3 survivors (3072K)
 Metaspace       used 56083K, committed 56896K, reserved 1114112K
  class space    used 6292K, committed 6656K, reserved 1048576K
}
Event: 129.429 GC heap before
{Heap before GC invocations=24 (full 0):
 garbage-first heap   total 116736K, used 69566K [0x0000000080000000, 0x0000000100000000)
  region size 1024K, 8 young (8192K), 3 survivors (3072K)
 Metaspace       used 56127K, committed 56960K, reserved 1114112K
  class space    used 6292K, committed 6656K, reserved 1048576K
}
Event: 129.434 GC heap after
{Heap after GC invocations=25 (full 0):
 garbage-first heap   total 116736K, used 48108K [0x0000000080000000, 0x0000000100000000)
  region size 1024K, 4 young (4096K), 4 survivors (4096K)
 Metaspace       used 56127K, committed 56960K, reserved 1114112K
  class space    used 6292K, committed 6656K, reserved 1048576K
}
Event: 129.439 GC heap before
{Heap before GC invocations=25 (full 0):
 garbage-first heap   total 116736K, used 56300K [0x0000000080000000, 0x0000000100000000)
  region size 1024K, 5 young (5120K), 4 survivors (4096K)
 Metaspace       used 56135K, committed 56960K, reserved 1114112K
  class space    used 6292K, committed 6656K, reserved 1048576K
}
Event: 129.443 GC heap after
{Heap after GC invocations=26 (full 0):
 garbage-first heap   total 116736K, used 51481K [0x0000000080000000, 0x0000000100000000)
  region size 1024K, 2 young (2048K), 2 survivors (2048K)
 Metaspace       used 56135K, committed 56960K, reserved 1114112K
  class space    used 6292K, committed 6656K, reserved 1048576K
}
Event: 129.451 GC heap before
{Heap before GC invocations=26 (full 0):
 garbage-first heap   total 116736K, used 54553K [0x0000000080000000, 0x0000000100000000)
  region size 1024K, 2 young (2048K), 2 survivors (2048K)
 Metaspace       used 56135K, committed 56960K, reserved 1114112K
  class space    used 6292K, committed 6656K, reserved 1048576K
}
Event: 129.454 GC heap after
{Heap after GC invocations=27 (full 0):
 garbage-first heap   total 116736K, used 53097K [0x0000000080000000, 0x0000000100000000)
  region size 1024K, 2 young (2048K), 2 survivors (2048K)
 Metaspace       used 56135K, committed 56960K, reserved 1114112K
  class space    used 6292K, committed 6656K, reserved 1048576K
}
Event: 129.456 GC heap before
{Heap before GC invocations=27 (full 0):
 garbage-first heap   total 116736K, used 56169K [0x0000000080000000, 0x0000000100000000)
  region size 1024K, 3 young (3072K), 2 survivors (2048K)
 Metaspace       used 56135K, committed 56960K, reserved 1114112K
  class space    used 6292K, committed 6656K, reserved 1048576K
}
Event: 129.459 GC heap after
{Heap after GC invocations=28 (full 0):
 garbage-first heap   total 116736K, used 54081K [0x0000000080000000, 0x0000000100000000)
  region size 1024K, 2 young (2048K), 2 survivors (2048K)
 Metaspace       used 56135K, committed 56960K, reserved 1114112K
  class space    used 6292K, committed 6656K, reserved 1048576K
}
Event: 139.360 GC heap before
{Heap before GC invocations=29 (full 0):
 garbage-first heap   total 116736K, used 64321K [0x0000000080000000, 0x0000000100000000)
  region size 1024K, 9 young (9216K), 2 survivors (2048K)
 Metaspace       used 56239K, committed 57024K, reserved 1114112K
  class space    used 6299K, committed 6656K, reserved 1048576K
}
Event: 139.364 GC heap after
{Heap after GC invocations=30 (full 0):
 garbage-first heap   total 116736K, used 48291K [0x0000000080000000, 0x0000000100000000)
  region size 1024K, 3 young (3072K), 3 survivors (3072K)
 Metaspace       used 56239K, committed 57024K, reserved 1114112K
  class space    used 6299K, committed 6656K, reserved 1048576K
}
Event: 139.365 GC heap before
{Heap before GC invocations=30 (full 0):
 garbage-first heap   total 116736K, used 54435K [0x0000000080000000, 0x0000000100000000)
  region size 1024K, 4 young (4096K), 3 survivors (3072K)
 Metaspace       used 56239K, committed 57024K, reserved 1114112K
  class space    used 6299K, committed 6656K, reserved 1048576K
}
Event: 139.368 GC heap after
{Heap after GC invocations=31 (full 0):
 garbage-first heap   total 116736K, used 51204K [0x0000000080000000, 0x0000000100000000)
  region size 1024K, 2 young (2048K), 2 survivors (2048K)
 Metaspace       used 56239K, committed 57024K, reserved 1114112K
  class space    used 6299K, committed 6656K, reserved 1048576K
}
Event: 139.372 GC heap before
{Heap before GC invocations=31 (full 0):
 garbage-first heap   total 116736K, used 53252K [0x0000000080000000, 0x0000000100000000)
  region size 1024K, 3 young (3072K), 2 survivors (2048K)
 Metaspace       used 56241K, committed 57088K, reserved 1114112K
  class space    used 6299K, committed 6656K, reserved 1048576K
}
Event: 139.375 GC heap after
{Heap after GC invocations=32 (full 0):
 garbage-first heap   total 116736K, used 51481K [0x0000000080000000, 0x0000000100000000)
  region size 1024K, 2 young (2048K), 2 survivors (2048K)
 Metaspace       used 56241K, committed 57088K, reserved 1114112K
  class space    used 6299K, committed 6656K, reserved 1048576K
}
Event: 139.383 GC heap before
{Heap before GC invocations=32 (full 0):
 garbage-first heap   total 116736K, used 54553K [0x0000000080000000, 0x0000000100000000)
  region size 1024K, 2 young (2048K), 2 survivors (2048K)
 Metaspace       used 56241K, committed 57088K, reserved 1114112K
  class space    used 6299K, committed 6656K, reserved 1048576K
}

